<?xml version="1.0" encoding="UTF-8"?>
<testng-results skipped="0" failed="0" ignored="0" total="1" passed="1">
  <reporter-output>
  </reporter-output>
  <suite name="Suite" duration-ms="26" started-at="2018-03-06T17:51:44Z" finished-at="2018-03-06T17:51:44Z">
    <groups>
    </groups>
    <test name="Test" duration-ms="26" started-at="2018-03-06T17:51:44Z" finished-at="2018-03-06T17:51:44Z">
      <class name="jenkinDemo.JenkinIntegrationWithSelenium">
        <test-method status="PASS" signature="testJenkin()[pri:0, instance:jenkinDemo.JenkinIntegrationWithSelenium@7dc7cbad]" name="testJenkin" duration-ms="8" started-at="2018-03-06T11:51:44Z" finished-at="2018-03-06T11:51:44Z">
          <reporter-output>
          </reporter-output>
        </test-method> <!-- testJenkin -->
      </class> <!-- jenkinDemo.JenkinIntegrationWithSelenium -->
    </test> <!-- Test -->
  </suite> <!-- Suite -->
</testng-results>
